
> enablement_copilot@0.0.0 build
> tsc -b && vite build

src/App.tsx(3,1): error TS6133: 'Dashboard' is declared but its value is never read.
src/components/ActiveLearningChat.tsx(1,8): error TS6133: 'React' is declared but its value is never read.
src/components/ActiveLearningChat.tsx(1,35): error TS6133: 'useEffect' is declared but its value is never read.
src/components/ActiveLearningChat.tsx(2,40): error TS6133: 'Pause' is declared but its value is never read.
src/components/AddContentModal.tsx(2,40): error TS6133: 'Youtube' is declared but its value is never read.
src/components/AddContentModal.tsx(2,60): error TS6133: 'Slack' is declared but its value is never read.
src/components/AddContentModal.tsx(28,11): error TS6133: 'pollRef' is declared but its value is never read.
src/components/AiCoachWidget.tsx(1,8): error TS6133: 'React' is declared but its value is never read.
src/components/AiCoachWidget.tsx(2,10): error TS6133: 'MessageSquare' is declared but its value is never read.
src/components/AiCoachWidget.tsx(2,43): error TS6133: 'Sparkles' is declared but its value is never read.
src/components/ChatDashboard/WidgetBubbles.tsx(1,1): error TS6133: 'React' is declared but its value is never read.
src/components/ContentManagementView.tsx(128,21): error TS2339: Property 'generateCourseUpdates' does not exist on type 'typeof import("/Users/stevenmale/.gemini/antigravity/scratch/enablement_copilot/src/lib/aiService")'.
src/components/CopilotAvatar.tsx(2,17): error TS6133: 'Sparkles' is declared but its value is never read.
src/components/DailyMissionCard.tsx(1,1): error TS6133: 'React' is declared but its value is never read.
src/components/Dashboard/ActivityCard.tsx(1,1): error TS6133: 'React' is declared but its value is never read.
src/components/Dashboard/AIInsightsWidget.tsx(1,1): error TS6133: 'React' is declared but its value is never read.
src/components/Dashboard/AIInsightsWidget.tsx(2,20): error TS6133: 'Play' is declared but its value is never read.
src/components/Dashboard/HeroCard.tsx(1,1): error TS6133: 'React' is declared but its value is never read.
src/components/Dashboard/PathCard.tsx(1,1): error TS6133: 'React' is declared but its value is never read.
src/components/Dashboard/PathCard.tsx(2,29): error TS6133: 'CheckCircle' is declared but its value is never read.
src/components/Dashboard/RadarChart.tsx(1,1): error TS6133: 'React' is declared but its value is never read.
src/components/Dashboard/RadarChart.tsx(31,11): error TS6133: 'bgPoints' is declared but its value is never read.
src/components/Dashboard/RadarChart.tsx(123,29): error TS2322: Type 'string' is not assignable to type '"end" | "inherit" | "middle" | "start" | undefined'.
src/components/Dashboard/RadarChart.tsx(124,29): error TS2322: Type 'string' is not assignable to type '"alphabetic" | "hanging" | "ideographic" | "mathematical" | "inherit" | "auto" | "middle" | "use-script" | "no-change" | "reset-size" | "central" | "text-after-edge" | "text-before-edge" | undefined'.
src/components/Dashboard/SkillProgress.tsx(1,1): error TS6133: 'React' is declared but its value is never read.
src/components/Dashboard/StatCard.tsx(1,1): error TS6133: 'React' is declared but its value is never read.
src/components/Dashboard/StatCard.tsx(2,10): error TS1484: 'LucideIcon' is a type and must be imported using a type-only import when 'verbatimModuleSyntax' is enabled.
src/components/Dashboard/TaskHub.tsx(1,1): error TS6133: 'React' is declared but its value is never read.
src/components/Dashboard/TaskHub.tsx(2,10): error TS6133: 'Clock' is declared but its value is never read.
src/components/Dashboard/TaskHub.tsx(2,17): error TS6133: 'ChevronRight' is declared but its value is never read.
src/components/ErrorBoundary.tsx(1,8): error TS6133: 'React' is declared but its value is never read.
src/components/ExplainBack.tsx(25,31): error TS18047: 'currentProgram' is possibly 'null'.
src/components/ExplainBack.tsx(38,33): error TS18047: 'currentProgram' is possibly 'null'.
src/components/FlashCardModal.tsx(6,10): error TS1484: 'Lesson' is a type and must be imported using a type-only import when 'verbatimModuleSyntax' is enabled.
src/components/GlobalStudyBuddy.tsx(3,19): error TS6133: 'Play' is declared but its value is never read.
src/components/GlobalStudyBuddy.tsx(3,25): error TS6133: 'Sparkles' is declared but its value is never read.
src/components/GlobalStudyBuddy.tsx(20,9): error TS6133: 'proactiveMessage' is declared but its value is never read.
src/components/GlobalStudyBuddy.tsx(89,11): error TS6133: 'handlePersonalize' is declared but its value is never read.
src/components/KnowledgeSidebar.tsx(2,5): error TS6133: 'Folder' is declared but its value is never read.
src/components/Layout.tsx(10,11): error TS6133: 'isSidebarOpen' is declared but its value is never read.
src/components/PersonalizationModal.tsx(2,26): error TS6133: 'CheckCircle' is declared but its value is never read.
src/components/PersonalizationModal.tsx(13,12): error TS6133: 'step' is declared but its value is never read.
src/components/PersonalizationModal.tsx(13,18): error TS6133: 'setStep' is declared but its value is never read.
src/components/ReportingView.tsx(1,10): error TS6133: 'BarChart2' is declared but its value is never read.
src/components/RichTextEditor.tsx(9,74): error TS6133: 'YoutubeIcon' is declared but its value is never read.
src/components/RichTextEditor.tsx(9,150): error TS6133: 'Upload' is declared but its value is never read.
src/components/RichTextEditor.tsx(161,37): error TS2339: Property 'markdown' does not exist on type 'Storage'.
src/components/ScenarioSim.tsx(2,15): error TS6133: 'Play' is declared but its value is never read.
src/components/Sidebar.tsx(8,5): error TS6133: 'ChevronRight' is declared but its value is never read.
src/components/Sidebar.tsx(9,5): error TS6133: 'GraduationCap' is declared but its value is never read.
src/components/Sidebar.tsx(10,5): error TS6133: 'Trophy' is declared but its value is never read.
src/components/Sidebar.tsx(15,5): error TS6133: 'MessageSquare' is declared but its value is never read.
src/components/Sidebar.tsx(16,5): error TS6133: 'CheckCircle' is declared but its value is never read.
src/components/SkillRadarChart.tsx(1,1): error TS6133: 'React' is declared but its value is never read.
src/components/StreakWidget.tsx(1,1): error TS6133: 'React' is declared but its value is never read.
src/components/StudyBuddyOptIn.tsx(4,27): error TS6133: 'X' is declared but its value is never read.
src/components/Waveform.tsx(1,8): error TS6133: 'React' is declared but its value is never read.
src/components/WelcomeModal.tsx(2,23): error TS6133: 'BookOpen' is declared but its value is never read.
src/context/ChatContext.tsx(1,8): error TS6133: 'React' is declared but its value is never read.
src/context/ChatContext.tsx(45,49): error TS6133: 'availablePrograms' is declared but its value is never read.
src/context/ChatContext.tsx(183,11): error TS6133: 'lastWelcomedLessonRef' is declared but its value is never read.
src/context/ChatContext.tsx(185,44): error TS6133: 'programId' is declared but its value is never read.
src/context/ChatContext.tsx(185,64): error TS6133: 'moduleId' is declared but its value is never read.
src/context/UserMemoryContext.tsx(1,8): error TS6133: 'React' is declared but its value is never read.
src/lib/aiService.ts(7,11): error TS6196: 'ChatMessage' is declared but never used.
src/lib/courseGenerator.ts(168,42): error TS6133: 'user' is declared but its value is never read.
src/lib/storage.ts(19,17): error TS6133: 'data' is declared but its value is never read.
src/pages/AdminConsole.tsx(6,1): error TS6133: 'FunLoader' is declared but its value is never read.
src/pages/CertificateView.tsx(52,15): error TS6133: 'linkedinUrl' is declared but its value is never read.
src/pages/ChatDashboard.tsx(12,11): error TS6196: 'Message' is declared but never used.
src/pages/ChatDashboard.tsx(280,41): error TS6133: 'index' is declared but its value is never read.
src/pages/Dashboard.tsx(1,1): error TS6133: 'React' is declared but its value is never read.
src/pages/FlashCardView.tsx(1,20): error TS6133: 'useEffect' is declared but its value is never read.
src/pages/FlashCardView.tsx(4,21): error TS6133: 'ChevronRight' is declared but its value is never read.
src/pages/FlashCardView.tsx(4,35): error TS6133: 'ChevronLeft' is declared but its value is never read.
src/pages/FlashCardView.tsx(9,13): error TS6133: 'programId' is declared but its value is never read.
src/pages/FlashCardView.tsx(12,12): error TS6133: 'isFlipped' is declared but its value is never read.
src/pages/FlashCardView.tsx(12,23): error TS6133: 'setIsFlipped' is declared but its value is never read.
src/pages/LandingPage.tsx(4,45): error TS6133: 'TrendingUp' is declared but its value is never read.
src/pages/LandingPage.tsx(314,61): error TS6133: 'r' is declared but its value is never read.
src/pages/LearningPath.tsx(2,35): error TS6133: 'PlayCircle' is declared but its value is never read.
src/pages/LearningPath.tsx(2,47): error TS6133: 'CheckCircle' is declared but its value is never read.
src/pages/LearningPath.tsx(2,60): error TS6133: 'Star' is declared but its value is never read.
src/pages/LearningPath.tsx(14,29): error TS6133: 'loading' is declared but its value is never read.
src/pages/LearningPath.tsx(14,38): error TS6133: 'isPersonalizationOpen' is declared but its value is never read.
src/pages/LessonPage.tsx(24,5): error TS18047: 'currentProgram' is possibly 'null'.
src/pages/LessonView.tsx(2,8): error TS6133: 'React' is declared but its value is never read.
src/pages/ManagerHub.tsx(4,66): error TS6133: 'Filter' is declared but its value is never read.
src/pages/ManagerHub.tsx(4,74): error TS6133: 'CheckCircle' is declared but its value is never read.
src/pages/MicroDrills.tsx(45,31): error TS18047: 'currentProgram' is possibly 'null'.
src/pages/MicroDrills.tsx(54,44): error TS7006: Parameter 'drill' implicitly has an 'any' type.
src/pages/MicroDrills.tsx(54,51): error TS7006: Parameter 'idx' implicitly has an 'any' type.
src/pages/MicroDrills.tsx(57,29): error TS18047: 'currentProgram' is possibly 'null'.
src/pages/PublicProfile.tsx(17,27): error TS6133: 'error' is declared but its value is never read.
src/pages/StudyBuddyHub.tsx(4,60): error TS6133: 'ArrowRight' is declared but its value is never read.
src/scripts/fix-db.ts(27,7): error TS6133: 'supabase' is declared but its value is never read.
src/scripts/restore_state.ts(11,31): error TS6133: 'orgError' is declared but its value is never read.
src/scripts/run_migration.ts(16,7): error TS6133: 'supabase' is declared but its value is never read.
src/scripts/setup-bucket.ts(61,17): error TS6133: 'data' is declared but its value is never read.
